
> backend@1.0.0 start
> node server.js

[dotenv@17.2.3] injecting env (5) from .env -- tip: 🔑 add access controls to secrets: https://dotenvx.com/ops
✅ Environment variables validated
[dotenv@17.2.3] injecting env (0) from .env -- tip: 🔐 encrypt with Dotenvx: https://dotenvx.com
Mailer is not configured. Set MAIL_* (or SMTP_*) env vars to enable forgot-password emails.
⚠️ Cloudinary env vars are missing. Falling back to local /uploads storage.
==loading controller from: /app/backend/controllers/favoritesController
(node:153645) [DEP0040] DeprecationWarning: The `punycode` module is deprecated. Please use a userland alternative instead.
(Use `node --trace-deprecation ...` to show where the warning was created)
Failed to start server: MongooseServerSelectionError: connect ECONNREFUSED ::1:27017, connect ECONNREFUSED 127.0.0.1:27017
    at _handleConnectionErrors (/app/backend/node_modules/mongoose/lib/connection.js:1165:11)
    at NativeConnection.openUri (/app/backend/node_modules/mongoose/lib/connection.js:1096:11)
    at async start (/app/backend/server.js:78:7) {
  errorLabelSet: Set(0) {},
  reason: TopologyDescription {
    type: 'Unknown',
    servers: Map(1) { 'localhost:27017' => [ServerDescription] },
    stale: false,
    compatible: true,
    heartbeatFrequencyMS: 10000,
    localThresholdMS: 15,
    setName: null,
    maxElectionId: null,
    maxSetVersion: null,
    commonWireVersion: 0,
    logicalSessionTimeoutMinutes: null
  },
  code: undefined,
  cause: TopologyDescription {
    type: 'Unknown',
    servers: Map(1) { 'localhost:27017' => [ServerDescription] },
    stale: false,
    compatible: true,
    heartbeatFrequencyMS: 10000,
    localThresholdMS: 15,
    setName: null,
    maxElectionId: null,
    maxSetVersion: null,
    commonWireVersion: 0,
    logicalSessionTimeoutMinutes: null
  }
}
